<?xml version="1.0" encoding="UTF-8"?>
<testng-results ignored="0" total="1" passed="1" failed="0" skipped="0">
  <reporter-output>
  </reporter-output>
  <suite started-at="2022-10-28T22:39:00 GST" name="Default suite" finished-at="2022-10-28T22:39:45 GST" duration-ms="44752">
    <groups>
    </groups>
    <test started-at="2022-10-28T22:39:00 GST" name="Default test" finished-at="2022-10-28T22:39:45 GST" duration-ms="44752">
      <class name="Personaltest">
        <test-method is-config="true" signature="setUp()[pri:0, instance:Personaltest@41330d4f]" started-at="2022-10-28T22:39:00 GST" name="setUp" finished-at="2022-10-28T22:39:21 GST" duration-ms="21328" status="PASS">
          <reporter-output>
          </reporter-output>
        </test-method> <!-- setUp -->
        <test-method signature="oneActivity()[pri:0, instance:Personaltest@41330d4f]" started-at="2022-10-28T22:39:21 GST" name="oneActivity" finished-at="2022-10-28T22:39:44 GST" duration-ms="22910" status="PASS">
          <reporter-output>
          </reporter-output>
        </test-method> <!-- oneActivity -->
        <test-method is-config="true" signature="tearDown()[pri:0, instance:Personaltest@41330d4f]" started-at="2022-10-28T22:39:44 GST" name="tearDown" finished-at="2022-10-28T22:39:45 GST" duration-ms="445" status="PASS">
          <reporter-output>
          </reporter-output>
        </test-method> <!-- tearDown -->
      </class> <!-- Personaltest -->
    </test> <!-- Default test -->
  </suite> <!-- Default suite -->
</testng-results>
